[ 2025-04-18 14:41:59,909 ] 1025 httpx - INFO - HTTP Request: GET https://dagshub.com/api/v1/user "HTTP/1.1 200 OK"
[ 2025-04-18 14:41:59,914 ] 107 dagshub - INFO - Accessing as jeebeshchandrapodder
[ 2025-04-18 14:42:00,698 ] 1025 httpx - INFO - HTTP Request: GET https://dagshub.com/api/v1/repos/jeebeshchandrapodder/network-security-project "HTTP/1.1 200 OK"
[ 2025-04-18 14:42:01,515 ] 1025 httpx - INFO - HTTP Request: GET https://dagshub.com/api/v1/user "HTTP/1.1 200 OK"
[ 2025-04-18 14:42:01,518 ] 107 dagshub - INFO - Initialized MLflow to track repo "jeebeshchandrapodder/network-security-project"
[ 2025-04-18 14:42:01,519 ] 107 dagshub - INFO - Repository jeebeshchandrapodder/network-security-project initialized!
[ 2025-04-18 14:42:01,519 ] 20 root - INFO - Initiate the data ingestion
[ 2025-04-18 14:42:04,642 ] 65 root - INFO - Performed train test split on the dataframe
[ 2025-04-18 14:42:04,643 ] 67 root - INFO - Exited split_data_as_train_test method of Data_Ingestion class
[ 2025-04-18 14:42:04,643 ] 75 root - INFO - Exporting train and test file path.
[ 2025-04-18 14:42:04,691 ] 84 root - INFO - Exported train and test file path.
[ 2025-04-18 14:42:04,691 ] 22 root - INFO - Data Initiation Completed
[ 2025-04-18 14:42:04,699 ] 26 root - INFO - Initiate the data Validation
[ 2025-04-18 14:42:04,721 ] 32 root - INFO - Required number of columns:2
[ 2025-04-18 14:42:04,721 ] 33 root - INFO - Data frame has columns:31
[ 2025-04-18 14:42:04,721 ] 32 root - INFO - Required number of columns:2
[ 2025-04-18 14:42:04,722 ] 33 root - INFO - Data frame has columns:31
[ 2025-04-18 14:42:04,852 ] 28 root - INFO - data Validation Completed
[ 2025-04-18 14:42:04,852 ] 31 root - INFO - data Transformation started
[ 2025-04-18 14:42:04,853 ] 63 root - INFO - Entered initiate_data_transformation method of DataTransformation class
[ 2025-04-18 14:42:04,853 ] 65 root - INFO - Starting data transformation
[ 2025-04-18 14:42:04,870 ] 48 root - INFO - Entered get_data_trnasformer_object method of Trnasformation class
[ 2025-04-18 14:42:04,870 ] 53 root - INFO - Initialise KNNImputer with {'missing_values': nan, 'n_neighbors': 3, 'weights': 'uniform'}
[ 2025-04-18 14:42:04,883 ] 49 root - INFO - Entered the save_object method of MainUtils class
[ 2025-04-18 14:42:04,885 ] 53 root - INFO - Exited the save_object method of MainUtils class
[ 2025-04-18 14:42:04,886 ] 49 root - INFO - Entered the save_object method of MainUtils class
[ 2025-04-18 14:42:04,888 ] 53 root - INFO - Exited the save_object method of MainUtils class
[ 2025-04-18 14:42:04,889 ] 35 root - INFO - data Transformation completed
[ 2025-04-18 14:42:04,889 ] 37 root - INFO - Model Training sstared
