[ 2025-04-18 15:40:50,747 ] 1025 httpx - INFO - HTTP Request: GET https://dagshub.com/api/v1/user "HTTP/1.1 200 OK"
[ 2025-04-18 15:40:50,752 ] 107 dagshub - INFO - Accessing as jeebeshchandrapodder
[ 2025-04-18 15:40:51,468 ] 1025 httpx - INFO - HTTP Request: GET https://dagshub.com/api/v1/repos/jeebeshchandrapodder/network-security-project "HTTP/1.1 200 OK"
[ 2025-04-18 15:40:52,160 ] 1025 httpx - INFO - HTTP Request: GET https://dagshub.com/api/v1/user "HTTP/1.1 200 OK"
[ 2025-04-18 15:40:52,163 ] 107 dagshub - INFO - Initialized MLflow to track repo "jeebeshchandrapodder/network-security-project"
[ 2025-04-18 15:40:52,163 ] 107 dagshub - INFO - Repository jeebeshchandrapodder/network-security-project initialized!
[ 2025-04-18 15:40:52,165 ] 20 root - INFO - Initiate the data ingestion
[ 2025-04-18 15:40:55,204 ] 65 root - INFO - Performed train test split on the dataframe
[ 2025-04-18 15:40:55,204 ] 67 root - INFO - Exited split_data_as_train_test method of Data_Ingestion class
[ 2025-04-18 15:40:55,205 ] 75 root - INFO - Exporting train and test file path.
[ 2025-04-18 15:40:55,246 ] 84 root - INFO - Exported train and test file path.
[ 2025-04-18 15:40:55,247 ] 22 root - INFO - Data Initiation Completed
[ 2025-04-18 15:40:55,254 ] 26 root - INFO - Initiate the data Validation
[ 2025-04-18 15:40:55,274 ] 32 root - INFO - Required number of columns:2
[ 2025-04-18 15:40:55,275 ] 33 root - INFO - Data frame has columns:31
[ 2025-04-18 15:40:55,275 ] 32 root - INFO - Required number of columns:2
[ 2025-04-18 15:40:55,275 ] 33 root - INFO - Data frame has columns:31
[ 2025-04-18 15:40:55,408 ] 28 root - INFO - data Validation Completed
[ 2025-04-18 15:40:55,409 ] 31 root - INFO - data Transformation started
[ 2025-04-18 15:40:55,409 ] 63 root - INFO - Entered initiate_data_transformation method of DataTransformation class
[ 2025-04-18 15:40:55,409 ] 65 root - INFO - Starting data transformation
[ 2025-04-18 15:40:55,429 ] 48 root - INFO - Entered get_data_trnasformer_object method of Trnasformation class
[ 2025-04-18 15:40:55,429 ] 53 root - INFO - Initialise KNNImputer with {'missing_values': nan, 'n_neighbors': 3, 'weights': 'uniform'}
[ 2025-04-18 15:40:55,441 ] 49 root - INFO - Entered the save_object method of MainUtils class
[ 2025-04-18 15:40:55,444 ] 53 root - INFO - Exited the save_object method of MainUtils class
[ 2025-04-18 15:40:55,444 ] 49 root - INFO - Entered the save_object method of MainUtils class
[ 2025-04-18 15:40:55,448 ] 53 root - INFO - Exited the save_object method of MainUtils class
[ 2025-04-18 15:40:55,449 ] 35 root - INFO - data Transformation completed
[ 2025-04-18 15:40:55,449 ] 37 root - INFO - Model Training sstared
