[ 2025-04-18 14:46:10,840 ] 1025 httpx - INFO - HTTP Request: GET https://dagshub.com/api/v1/user "HTTP/1.1 200 OK"
[ 2025-04-18 14:46:10,846 ] 107 dagshub - INFO - Accessing as jeebeshchandrapodder
[ 2025-04-18 14:46:11,711 ] 1025 httpx - INFO - HTTP Request: GET https://dagshub.com/api/v1/repos/jeebeshchandrapodder/network-security-project "HTTP/1.1 200 OK"
[ 2025-04-18 14:46:12,485 ] 1025 httpx - INFO - HTTP Request: GET https://dagshub.com/api/v1/user "HTTP/1.1 200 OK"
[ 2025-04-18 14:46:12,488 ] 107 dagshub - INFO - Initialized MLflow to track repo "jeebeshchandrapodder/network-security-project"
[ 2025-04-18 14:46:12,488 ] 107 dagshub - INFO - Repository jeebeshchandrapodder/network-security-project initialized!
[ 2025-04-18 14:46:12,489 ] 20 root - INFO - Initiate the data ingestion
[ 2025-04-18 14:46:16,321 ] 65 root - INFO - Performed train test split on the dataframe
[ 2025-04-18 14:46:16,322 ] 67 root - INFO - Exited split_data_as_train_test method of Data_Ingestion class
[ 2025-04-18 14:46:16,322 ] 75 root - INFO - Exporting train and test file path.
[ 2025-04-18 14:46:16,424 ] 84 root - INFO - Exported train and test file path.
[ 2025-04-18 14:46:16,425 ] 22 root - INFO - Data Initiation Completed
[ 2025-04-18 14:46:16,435 ] 26 root - INFO - Initiate the data Validation
[ 2025-04-18 14:46:16,466 ] 32 root - INFO - Required number of columns:2
[ 2025-04-18 14:46:16,466 ] 33 root - INFO - Data frame has columns:31
[ 2025-04-18 14:46:16,466 ] 32 root - INFO - Required number of columns:2
[ 2025-04-18 14:46:16,466 ] 33 root - INFO - Data frame has columns:31
[ 2025-04-18 14:46:16,655 ] 28 root - INFO - data Validation Completed
[ 2025-04-18 14:46:16,655 ] 31 root - INFO - data Transformation started
[ 2025-04-18 14:46:16,655 ] 63 root - INFO - Entered initiate_data_transformation method of DataTransformation class
[ 2025-04-18 14:46:16,655 ] 65 root - INFO - Starting data transformation
[ 2025-04-18 14:46:16,679 ] 48 root - INFO - Entered get_data_trnasformer_object method of Trnasformation class
[ 2025-04-18 14:46:16,679 ] 53 root - INFO - Initialise KNNImputer with {'missing_values': nan, 'n_neighbors': 3, 'weights': 'uniform'}
[ 2025-04-18 14:46:16,696 ] 49 root - INFO - Entered the save_object method of MainUtils class
[ 2025-04-18 14:46:16,699 ] 53 root - INFO - Exited the save_object method of MainUtils class
[ 2025-04-18 14:46:16,700 ] 49 root - INFO - Entered the save_object method of MainUtils class
[ 2025-04-18 14:46:16,704 ] 53 root - INFO - Exited the save_object method of MainUtils class
[ 2025-04-18 14:46:16,705 ] 35 root - INFO - data Transformation completed
[ 2025-04-18 14:46:16,705 ] 37 root - INFO - Model Training sstared
