[ 2025-04-18 15:22:17,458 ] 1025 httpx - INFO - HTTP Request: GET https://dagshub.com/api/v1/user "HTTP/1.1 200 OK"
[ 2025-04-18 15:22:17,464 ] 107 dagshub - INFO - Accessing as jeebeshchandrapodder
[ 2025-04-18 15:22:18,207 ] 1025 httpx - INFO - HTTP Request: GET https://dagshub.com/api/v1/repos/jeebeshchandrapodder/network-security-project "HTTP/1.1 200 OK"
[ 2025-04-18 15:22:18,907 ] 1025 httpx - INFO - HTTP Request: GET https://dagshub.com/api/v1/user "HTTP/1.1 200 OK"
[ 2025-04-18 15:22:18,909 ] 107 dagshub - INFO - Initialized MLflow to track repo "jeebeshchandrapodder/network-security-project"
[ 2025-04-18 15:22:18,910 ] 107 dagshub - INFO - Repository jeebeshchandrapodder/network-security-project initialized!
[ 2025-04-18 15:22:18,910 ] 20 root - INFO - Initiate the data ingestion
[ 2025-04-18 15:22:22,157 ] 65 root - INFO - Performed train test split on the dataframe
[ 2025-04-18 15:22:22,157 ] 67 root - INFO - Exited split_data_as_train_test method of Data_Ingestion class
[ 2025-04-18 15:22:22,158 ] 75 root - INFO - Exporting train and test file path.
[ 2025-04-18 15:22:22,199 ] 84 root - INFO - Exported train and test file path.
[ 2025-04-18 15:22:22,199 ] 22 root - INFO - Data Initiation Completed
[ 2025-04-18 15:22:22,205 ] 26 root - INFO - Initiate the data Validation
[ 2025-04-18 15:22:22,224 ] 32 root - INFO - Required number of columns:2
[ 2025-04-18 15:22:22,225 ] 33 root - INFO - Data frame has columns:31
[ 2025-04-18 15:22:22,225 ] 32 root - INFO - Required number of columns:2
[ 2025-04-18 15:22:22,225 ] 33 root - INFO - Data frame has columns:31
[ 2025-04-18 15:22:22,347 ] 28 root - INFO - data Validation Completed
[ 2025-04-18 15:22:22,348 ] 31 root - INFO - data Transformation started
[ 2025-04-18 15:22:22,348 ] 63 root - INFO - Entered initiate_data_transformation method of DataTransformation class
[ 2025-04-18 15:22:22,348 ] 65 root - INFO - Starting data transformation
[ 2025-04-18 15:22:22,366 ] 48 root - INFO - Entered get_data_trnasformer_object method of Trnasformation class
[ 2025-04-18 15:22:22,366 ] 53 root - INFO - Initialise KNNImputer with {'missing_values': nan, 'n_neighbors': 3, 'weights': 'uniform'}
[ 2025-04-18 15:22:22,378 ] 49 root - INFO - Entered the save_object method of MainUtils class
[ 2025-04-18 15:22:22,381 ] 53 root - INFO - Exited the save_object method of MainUtils class
[ 2025-04-18 15:22:22,382 ] 49 root - INFO - Entered the save_object method of MainUtils class
[ 2025-04-18 15:22:22,384 ] 53 root - INFO - Exited the save_object method of MainUtils class
[ 2025-04-18 15:22:22,385 ] 35 root - INFO - data Transformation completed
[ 2025-04-18 15:22:22,385 ] 37 root - INFO - Model Training sstared
