[ 2025-04-18 15:35:17,569 ] 1025 httpx - INFO - HTTP Request: GET https://dagshub.com/api/v1/user "HTTP/1.1 200 OK"
[ 2025-04-18 15:35:17,574 ] 107 dagshub - INFO - Accessing as jeebeshchandrapodder
[ 2025-04-18 15:35:18,324 ] 1025 httpx - INFO - HTTP Request: GET https://dagshub.com/api/v1/repos/jeebeshchandrapodder/network-security-project "HTTP/1.1 200 OK"
[ 2025-04-18 15:35:19,193 ] 1025 httpx - INFO - HTTP Request: GET https://dagshub.com/api/v1/user "HTTP/1.1 200 OK"
[ 2025-04-18 15:35:19,194 ] 107 dagshub - INFO - Initialized MLflow to track repo "jeebeshchandrapodder/network-security-project"
[ 2025-04-18 15:35:19,195 ] 107 dagshub - INFO - Repository jeebeshchandrapodder/network-security-project initialized!
[ 2025-04-18 15:35:19,195 ] 20 root - INFO - Initiate the data ingestion
[ 2025-04-18 15:35:22,752 ] 65 root - INFO - Performed train test split on the dataframe
[ 2025-04-18 15:35:22,752 ] 67 root - INFO - Exited split_data_as_train_test method of Data_Ingestion class
[ 2025-04-18 15:35:22,753 ] 75 root - INFO - Exporting train and test file path.
[ 2025-04-18 15:35:22,801 ] 84 root - INFO - Exported train and test file path.
[ 2025-04-18 15:35:22,802 ] 22 root - INFO - Data Initiation Completed
[ 2025-04-18 15:35:22,809 ] 26 root - INFO - Initiate the data Validation
[ 2025-04-18 15:35:22,831 ] 32 root - INFO - Required number of columns:2
[ 2025-04-18 15:35:22,832 ] 33 root - INFO - Data frame has columns:31
[ 2025-04-18 15:35:22,832 ] 32 root - INFO - Required number of columns:2
[ 2025-04-18 15:35:22,832 ] 33 root - INFO - Data frame has columns:31
[ 2025-04-18 15:35:22,975 ] 28 root - INFO - data Validation Completed
[ 2025-04-18 15:35:22,975 ] 31 root - INFO - data Transformation started
[ 2025-04-18 15:35:22,975 ] 63 root - INFO - Entered initiate_data_transformation method of DataTransformation class
[ 2025-04-18 15:35:22,975 ] 65 root - INFO - Starting data transformation
[ 2025-04-18 15:35:23,001 ] 48 root - INFO - Entered get_data_trnasformer_object method of Trnasformation class
[ 2025-04-18 15:35:23,001 ] 53 root - INFO - Initialise KNNImputer with {'missing_values': nan, 'n_neighbors': 3, 'weights': 'uniform'}
[ 2025-04-18 15:35:23,015 ] 49 root - INFO - Entered the save_object method of MainUtils class
[ 2025-04-18 15:35:23,020 ] 53 root - INFO - Exited the save_object method of MainUtils class
[ 2025-04-18 15:35:23,020 ] 49 root - INFO - Entered the save_object method of MainUtils class
[ 2025-04-18 15:35:23,023 ] 53 root - INFO - Exited the save_object method of MainUtils class
[ 2025-04-18 15:35:23,025 ] 35 root - INFO - data Transformation completed
[ 2025-04-18 15:35:23,025 ] 37 root - INFO - Model Training sstared
