[ 2025-04-18 16:25:41,568 ] 1025 httpx - INFO - HTTP Request: GET https://dagshub.com/api/v1/user "HTTP/1.1 200 OK"
[ 2025-04-18 16:25:41,577 ] 107 dagshub - INFO - Accessing as jeebeshchandrapodder
[ 2025-04-18 16:25:42,428 ] 1025 httpx - INFO - HTTP Request: GET https://dagshub.com/api/v1/repos/jeebeshchandrapodder/network-security-project "HTTP/1.1 200 OK"
[ 2025-04-18 16:25:43,310 ] 1025 httpx - INFO - HTTP Request: GET https://dagshub.com/api/v1/user "HTTP/1.1 200 OK"
[ 2025-04-18 16:25:43,313 ] 107 dagshub - INFO - Initialized MLflow to track repo "jeebeshchandrapodder/network-security-project"
[ 2025-04-18 16:25:43,314 ] 107 dagshub - INFO - Repository jeebeshchandrapodder/network-security-project initialized!
[ 2025-04-18 16:25:43,315 ] 20 root - INFO - Initiate the data ingestion
[ 2025-04-18 16:25:46,994 ] 65 root - INFO - Performed train test split on the dataframe
[ 2025-04-18 16:25:46,995 ] 67 root - INFO - Exited split_data_as_train_test method of Data_Ingestion class
[ 2025-04-18 16:25:46,997 ] 75 root - INFO - Exporting train and test file path.
[ 2025-04-18 16:25:47,068 ] 84 root - INFO - Exported train and test file path.
[ 2025-04-18 16:25:47,069 ] 22 root - INFO - Data Initiation Completed
[ 2025-04-18 16:25:47,079 ] 26 root - INFO - Initiate the data Validation
[ 2025-04-18 16:25:47,119 ] 32 root - INFO - Required number of columns:2
[ 2025-04-18 16:25:47,119 ] 33 root - INFO - Data frame has columns:31
[ 2025-04-18 16:25:47,120 ] 32 root - INFO - Required number of columns:2
[ 2025-04-18 16:25:47,120 ] 33 root - INFO - Data frame has columns:31
[ 2025-04-18 16:25:47,302 ] 28 root - INFO - data Validation Completed
[ 2025-04-18 16:25:47,303 ] 31 root - INFO - data Transformation started
[ 2025-04-18 16:25:47,303 ] 63 root - INFO - Entered initiate_data_transformation method of DataTransformation class
[ 2025-04-18 16:25:47,303 ] 65 root - INFO - Starting data transformation
[ 2025-04-18 16:25:47,334 ] 48 root - INFO - Entered get_data_trnasformer_object method of Trnasformation class
[ 2025-04-18 16:25:47,334 ] 53 root - INFO - Initialise KNNImputer with {'missing_values': nan, 'n_neighbors': 3, 'weights': 'uniform'}
[ 2025-04-18 16:25:47,355 ] 49 root - INFO - Entered the save_object method of MainUtils class
[ 2025-04-18 16:25:47,360 ] 53 root - INFO - Exited the save_object method of MainUtils class
[ 2025-04-18 16:25:47,360 ] 49 root - INFO - Entered the save_object method of MainUtils class
[ 2025-04-18 16:25:47,364 ] 53 root - INFO - Exited the save_object method of MainUtils class
[ 2025-04-18 16:25:47,366 ] 35 root - INFO - data Transformation completed
[ 2025-04-18 16:25:47,366 ] 37 root - INFO - Model Training stared
[ 2025-04-18 16:29:49,719 ] 49 root - INFO - Entered the save_object method of MainUtils class
[ 2025-04-18 16:29:49,720 ] 53 root - INFO - Exited the save_object method of MainUtils class
[ 2025-04-18 16:29:49,720 ] 49 root - INFO - Entered the save_object method of MainUtils class
[ 2025-04-18 16:29:49,773 ] 53 root - INFO - Exited the save_object method of MainUtils class
[ 2025-04-18 16:29:49,774 ] 141 root - INFO - Model trainer artifact: ModelTrainerArtifact(trained_model_file_path='Artifacts\\04_18_2025_16_25_34\\model_trainer\\trained_model\\model.pkl', train_metric_artifact=ClassificationMetricArtifact(f1_score=0.9909580412475871, precision_score=0.9892494929006085, recall_score=0.9926725015265622), test_metric_artifact=ClassificationMetricArtifact(f1_score=0.9775641025641025, precision_score=0.9744408945686901, recall_score=0.9807073954983923))
[ 2025-04-18 16:29:49,777 ] 42 root - INFO - Model Training artifact created
