[ 2025-04-18 15:31:56,170 ] 1025 httpx - INFO - HTTP Request: GET https://dagshub.com/api/v1/user "HTTP/1.1 200 OK"
[ 2025-04-18 15:31:56,174 ] 107 dagshub - INFO - Accessing as jeebeshchandrapodder
[ 2025-04-18 15:31:56,908 ] 1025 httpx - INFO - HTTP Request: GET https://dagshub.com/api/v1/repos/jeebeshchandrapodder/network-security-project "HTTP/1.1 200 OK"
[ 2025-04-18 15:31:57,594 ] 1025 httpx - INFO - HTTP Request: GET https://dagshub.com/api/v1/user "HTTP/1.1 200 OK"
[ 2025-04-18 15:31:57,596 ] 107 dagshub - INFO - Initialized MLflow to track repo "jeebeshchandrapodder/network-security-project"
[ 2025-04-18 15:31:57,597 ] 107 dagshub - INFO - Repository jeebeshchandrapodder/network-security-project initialized!
[ 2025-04-18 15:31:57,597 ] 20 root - INFO - Initiate the data ingestion
[ 2025-04-18 15:32:00,630 ] 65 root - INFO - Performed train test split on the dataframe
[ 2025-04-18 15:32:00,630 ] 67 root - INFO - Exited split_data_as_train_test method of Data_Ingestion class
[ 2025-04-18 15:32:00,630 ] 75 root - INFO - Exporting train and test file path.
[ 2025-04-18 15:32:00,671 ] 84 root - INFO - Exported train and test file path.
[ 2025-04-18 15:32:00,672 ] 22 root - INFO - Data Initiation Completed
[ 2025-04-18 15:32:00,677 ] 26 root - INFO - Initiate the data Validation
[ 2025-04-18 15:32:00,694 ] 32 root - INFO - Required number of columns:2
[ 2025-04-18 15:32:00,694 ] 33 root - INFO - Data frame has columns:31
[ 2025-04-18 15:32:00,694 ] 32 root - INFO - Required number of columns:2
[ 2025-04-18 15:32:00,694 ] 33 root - INFO - Data frame has columns:31
[ 2025-04-18 15:32:00,811 ] 28 root - INFO - data Validation Completed
[ 2025-04-18 15:32:00,811 ] 31 root - INFO - data Transformation started
[ 2025-04-18 15:32:00,811 ] 63 root - INFO - Entered initiate_data_transformation method of DataTransformation class
[ 2025-04-18 15:32:00,811 ] 65 root - INFO - Starting data transformation
[ 2025-04-18 15:32:00,830 ] 48 root - INFO - Entered get_data_trnasformer_object method of Trnasformation class
[ 2025-04-18 15:32:00,830 ] 53 root - INFO - Initialise KNNImputer with {'missing_values': nan, 'n_neighbors': 3, 'weights': 'uniform'}
[ 2025-04-18 15:32:00,842 ] 49 root - INFO - Entered the save_object method of MainUtils class
[ 2025-04-18 15:32:00,845 ] 53 root - INFO - Exited the save_object method of MainUtils class
[ 2025-04-18 15:32:00,845 ] 49 root - INFO - Entered the save_object method of MainUtils class
[ 2025-04-18 15:32:00,849 ] 53 root - INFO - Exited the save_object method of MainUtils class
[ 2025-04-18 15:32:00,850 ] 35 root - INFO - data Transformation completed
[ 2025-04-18 15:32:00,850 ] 37 root - INFO - Model Training sstared
