[ 2025-04-18 15:26:05,199 ] 1025 httpx - INFO - HTTP Request: GET https://dagshub.com/api/v1/user "HTTP/1.1 200 OK"
[ 2025-04-18 15:26:05,204 ] 107 dagshub - INFO - Accessing as jeebeshchandrapodder
[ 2025-04-18 15:26:05,928 ] 1025 httpx - INFO - HTTP Request: GET https://dagshub.com/api/v1/repos/jeebeshchandrapodder/network-security-project "HTTP/1.1 200 OK"
[ 2025-04-18 15:26:06,622 ] 1025 httpx - INFO - HTTP Request: GET https://dagshub.com/api/v1/user "HTTP/1.1 200 OK"
[ 2025-04-18 15:26:06,624 ] 107 dagshub - INFO - Initialized MLflow to track repo "jeebeshchandrapodder/network-security-project"
[ 2025-04-18 15:26:06,624 ] 107 dagshub - INFO - Repository jeebeshchandrapodder/network-security-project initialized!
[ 2025-04-18 15:26:06,625 ] 20 root - INFO - Initiate the data ingestion
[ 2025-04-18 15:26:09,604 ] 65 root - INFO - Performed train test split on the dataframe
[ 2025-04-18 15:26:09,604 ] 67 root - INFO - Exited split_data_as_train_test method of Data_Ingestion class
[ 2025-04-18 15:26:09,605 ] 75 root - INFO - Exporting train and test file path.
[ 2025-04-18 15:26:09,666 ] 84 root - INFO - Exported train and test file path.
[ 2025-04-18 15:26:09,666 ] 22 root - INFO - Data Initiation Completed
[ 2025-04-18 15:26:09,673 ] 26 root - INFO - Initiate the data Validation
[ 2025-04-18 15:26:09,697 ] 32 root - INFO - Required number of columns:2
[ 2025-04-18 15:26:09,697 ] 33 root - INFO - Data frame has columns:31
[ 2025-04-18 15:26:09,697 ] 32 root - INFO - Required number of columns:2
[ 2025-04-18 15:26:09,697 ] 33 root - INFO - Data frame has columns:31
[ 2025-04-18 15:26:09,818 ] 28 root - INFO - data Validation Completed
[ 2025-04-18 15:26:09,819 ] 31 root - INFO - data Transformation started
[ 2025-04-18 15:26:09,819 ] 63 root - INFO - Entered initiate_data_transformation method of DataTransformation class
[ 2025-04-18 15:26:09,819 ] 65 root - INFO - Starting data transformation
[ 2025-04-18 15:26:09,837 ] 48 root - INFO - Entered get_data_trnasformer_object method of Trnasformation class
[ 2025-04-18 15:26:09,838 ] 53 root - INFO - Initialise KNNImputer with {'missing_values': nan, 'n_neighbors': 3, 'weights': 'uniform'}
[ 2025-04-18 15:26:09,849 ] 49 root - INFO - Entered the save_object method of MainUtils class
[ 2025-04-18 15:26:09,852 ] 53 root - INFO - Exited the save_object method of MainUtils class
[ 2025-04-18 15:26:09,853 ] 49 root - INFO - Entered the save_object method of MainUtils class
[ 2025-04-18 15:26:09,856 ] 53 root - INFO - Exited the save_object method of MainUtils class
[ 2025-04-18 15:26:09,857 ] 35 root - INFO - data Transformation completed
[ 2025-04-18 15:26:09,857 ] 37 root - INFO - Model Training sstared
